c:\users\realm\source\repos\packetloggershare\packetloggershare\release\vc142.pdb
c:\users\realm\source\repos\packetloggershare\packetloggershare\release\qrc_packetloggershare.obj
c:\users\realm\source\repos\packetloggershare\packetloggershare\release\addressfunctions.obj
c:\users\realm\source\repos\packetloggershare\packetloggershare\release\whitelistsettingsui.obj
c:\users\realm\source\repos\packetloggershare\packetloggershare\release\damagecounterui.obj
c:\users\realm\source\repos\packetloggershare\packetloggershare\release\packetsenderui.obj
c:\users\realm\source\repos\packetloggershare\packetloggershare\release\filterui.obj
c:\users\realm\source\repos\packetloggershare\packetloggershare\release\hookfunctions.obj
c:\users\realm\source\repos\packetloggershare\packetloggershare\release\hookmanager.obj
c:\users\realm\source\repos\packetloggershare\packetloggershare\release\tcpserver.obj
c:\users\realm\source\repos\packetloggershare\packetloggershare\release\config.obj
c:\users\realm\source\repos\packetloggershare\packetloggershare\release\advancedgroupbox.obj
c:\users\realm\source\repos\packetloggershare\packetloggershare\release\packetui.obj
c:\users\realm\source\repos\packetloggershare\packetloggershare\release\addressmanager.obj
c:\users\realm\source\repos\packetloggershare\packetloggershare\release\memory.obj
c:\users\realm\source\repos\packetloggershare\packetloggershare\release\advancedlistwidget.obj
c:\users\realm\source\repos\packetloggershare\packetloggershare\release\main.obj
c:\users\realm\source\repos\packetloggershare\packetloggershare\release\moc_packetsenderui.obj
c:\users\realm\source\repos\packetloggershare\packetloggershare\release\moc_damagecounterui.obj
c:\users\realm\source\repos\packetloggershare\packetloggershare\release\moc_whitelistsettingsui.obj
c:\users\realm\source\repos\packetloggershare\packetloggershare\release\moc_advancedgroupbox.obj
c:\users\realm\source\repos\packetloggershare\packetloggershare\release\moc_filterui.obj
c:\users\realm\source\repos\packetloggershare\packetloggershare\release\moc_advancedlistwidget.obj
c:\users\realm\source\repos\packetloggershare\packetloggershare\release\moc_packetui.obj
c:\users\realm\source\repos\packetloggershare\packetloggershare\release\moc_tcpserver.obj
c:\users\realm\source\repos\packetloggershare\release\packetloggershare.dll
c:\users\realm\source\repos\packetloggershare\packetloggershare\release\packetloggershare.ipdb
c:\users\realm\source\repos\packetloggershare\packetloggershare\release\packetloggershare.iobj
c:\users\realm\source\repos\packetloggershare\packetloggershare\release\moc\moc_filterui.cpp
c:\users\realm\source\repos\packetloggershare\packetloggershare\release\moc\moc_advancedgroupbox.cpp
c:\users\realm\source\repos\packetloggershare\packetloggershare\release\moc\moc_advancedlistwidget.cpp
c:\users\realm\source\repos\packetloggershare\packetloggershare\release\moc\moc_damagecounterui.cpp
c:\users\realm\source\repos\packetloggershare\packetloggershare\release\moc\moc_packetsenderui.cpp
c:\users\realm\source\repos\packetloggershare\packetloggershare\release\moc\moc_packetui.cpp
c:\users\realm\source\repos\packetloggershare\packetloggershare\release\moc\moc_tcpserver.cpp
c:\users\realm\source\repos\packetloggershare\packetloggershare\release\moc\moc_whitelistsettingsui.cpp
c:\users\realm\source\repos\packetloggershare\packetloggershare\release\uic\ui_damagecounterui.h
c:\users\realm\source\repos\packetloggershare\packetloggershare\release\uic\ui_filterui.h
c:\users\realm\source\repos\packetloggershare\packetloggershare\release\uic\ui_packetsenderui.h
c:\users\realm\source\repos\packetloggershare\packetloggershare\release\uic\ui_packetui.h
c:\users\realm\source\repos\packetloggershare\packetloggershare\release\uic\ui_whitelistsettingsui.h
c:\users\realm\source\repos\packetloggershare\packetloggershare\release\rcc\qrc_packetloggershare.cpp
c:\users\realm\source\repos\packetloggershare\packetloggershare\release\packetlo.689eba17.tlog\cl.command.1.tlog
c:\users\realm\source\repos\packetloggershare\packetloggershare\release\packetlo.689eba17.tlog\cl.read.1.tlog
c:\users\realm\source\repos\packetloggershare\packetloggershare\release\packetlo.689eba17.tlog\cl.write.1.tlog
c:\users\realm\source\repos\packetloggershare\packetloggershare\release\packetlo.689eba17.tlog\link.command.1.tlog
c:\users\realm\source\repos\packetloggershare\packetloggershare\release\packetlo.689eba17.tlog\link.read.1.tlog
c:\users\realm\source\repos\packetloggershare\packetloggershare\release\packetlo.689eba17.tlog\link.write.1.tlog
c:\users\realm\source\repos\packetloggershare\packetloggershare\release\packetlo.689eba17.tlog\moc.read.1u.tlog
c:\users\realm\source\repos\packetloggershare\packetloggershare\release\packetlo.689eba17.tlog\moc.write.1u.tlog
c:\users\realm\source\repos\packetloggershare\packetloggershare\release\packetlo.689eba17.tlog\packetloggershare.write.1u.tlog
c:\users\realm\source\repos\packetloggershare\packetloggershare\release\packetlo.689eba17.tlog\rcc.read.1u.tlog
c:\users\realm\source\repos\packetloggershare\packetloggershare\release\packetlo.689eba17.tlog\rcc.write.1u.tlog
c:\users\realm\source\repos\packetloggershare\packetloggershare\release\packetlo.689eba17.tlog\uic.read.1u.tlog
c:\users\realm\source\repos\packetloggershare\packetloggershare\release\packetlo.689eba17.tlog\uic.write.1u.tlog
