c:\users\realm\source\repos\packetloggershare\packetloggershare\debug\moc\moc_filterui.cpp
c:\users\realm\source\repos\packetloggershare\packetloggershare\debug\moc\moc_advancedlistwidget.cpp
c:\users\realm\source\repos\packetloggershare\packetloggershare\debug\moc\moc_damagecounterui.cpp
c:\users\realm\source\repos\packetloggershare\packetloggershare\debug\moc\moc_packetsenderui.cpp
c:\users\realm\source\repos\packetloggershare\packetloggershare\debug\moc\moc_packetui.cpp
c:\users\realm\source\repos\packetloggershare\packetloggershare\debug\moc\moc_tcpserver.cpp
c:\users\realm\source\repos\packetloggershare\packetloggershare\debug\moc\moc_whitelistsettingsui.cpp
c:\users\realm\source\repos\packetloggershare\packetloggershare\debug\uic\ui_damagecounterui.h
c:\users\realm\source\repos\packetloggershare\packetloggershare\debug\uic\ui_filterui.h
c:\users\realm\source\repos\packetloggershare\packetloggershare\debug\uic\ui_packetsenderui.h
c:\users\realm\source\repos\packetloggershare\packetloggershare\debug\uic\ui_packetui.h
c:\users\realm\source\repos\packetloggershare\packetloggershare\debug\uic\ui_whitelistsettingsui.h
c:\users\realm\source\repos\packetloggershare\packetloggershare\debug\rcc\qrc_packetloggershare.cpp
c:\users\realm\source\repos\packetloggershare\packetloggershare\debug\addressmanager.obj
c:\users\realm\source\repos\packetloggershare\packetloggershare\debug\advancedlistwidget.obj
c:\users\realm\source\repos\packetloggershare\packetloggershare\debug\damagecounterui.obj
c:\users\realm\source\repos\packetloggershare\packetloggershare\debug\hookmanager.obj
c:\users\realm\source\repos\packetloggershare\packetloggershare\debug\memory.obj
c:\users\realm\source\repos\packetloggershare\packetloggershare\debug\whitelistsettingsui.obj
c:\users\realm\source\repos\packetloggershare\packetloggershare\debug\vc143.idb
c:\users\realm\source\repos\packetloggershare\packetloggershare\debug\vc143.pdb
c:\users\realm\source\repos\packetloggershare\packetloggershare\debug\packetlo.689eba17.tlog\cl.command.1.tlog
c:\users\realm\source\repos\packetloggershare\packetloggershare\debug\packetlo.689eba17.tlog\moc.read.1u.tlog
c:\users\realm\source\repos\packetloggershare\packetloggershare\debug\packetlo.689eba17.tlog\moc.write.1u.tlog
c:\users\realm\source\repos\packetloggershare\packetloggershare\debug\packetlo.689eba17.tlog\packetloggershare.write.1u.tlog
c:\users\realm\source\repos\packetloggershare\packetloggershare\debug\packetlo.689eba17.tlog\rcc.read.1u.tlog
c:\users\realm\source\repos\packetloggershare\packetloggershare\debug\packetlo.689eba17.tlog\rcc.write.1u.tlog
c:\users\realm\source\repos\packetloggershare\packetloggershare\debug\packetlo.689eba17.tlog\uic.read.1u.tlog
c:\users\realm\source\repos\packetloggershare\packetloggershare\debug\packetlo.689eba17.tlog\uic.write.1u.tlog
